<?xml version="1.0" encoding="UTF-8"?>
<!-- Generated by org.testng.reporters.JUnitReportReporter -->
<testsuite hostname="karunakar-Latitude-7410" failures="0" tests="12" name="test.loacationAndLoginTest" time="79.949" errors="0" timestamp="2025-07-15T16:58:48 IST" skipped="0">
  <testcase classname="test.loacationAndLoginTest" name="selectPatientTest" time="5.555"/>
  <testcase classname="test.loacationAndLoginTest" name="fetchOTPFromDBTest" time="11.765"/>
  <testcase classname="test.loacationAndLoginTest" name="promotionsAndReviewTest" time="0.101"/>
  <testcase classname="test.loacationAndLoginTest" name="miniCartTest" time="3.142"/>
  <testcase classname="test.loacationAndLoginTest" name="deliveryDetailsTest" time="3.194"/>
  <testcase classname="test.loacationAndLoginTest" name="closeBrowserTest" time="0.096"/>
  <testcase classname="test.loacationAndLoginTest" name="searchAndAddProductTest" time="17.735"/>
  <testcase classname="test.loacationAndLoginTest" name="paymentDetailsTest" time="4.146"/>
  <testcase classname="test.loacationAndLoginTest" name="locationTest" time="7.389"/>
  <testcase classname="test.loacationAndLoginTest" name="prescriptionDetailsTest" time="6.215"/>
  <testcase classname="test.loacationAndLoginTest" name="loginTest" time="15.469"/>
  <testcase classname="test.loacationAndLoginTest" name="proceedToCheckoutTest" time="5.142"/>
</testsuite> <!-- test.loacationAndLoginTest -->
