<?xml version="1.0" encoding="UTF-8"?>
<!-- Generated by org.testng.reporters.JUnitReportReporter -->
<testsuite hostname="karunakar-Latitude-7410" failures="1" tests="11" name="test.loacationAndLoginTest" time="86.037" errors="0" timestamp="2025-07-14T18:23:29 IST" skipped="0">
  <testcase classname="test.loacationAndLoginTest" name="miniCartTest" time="3.104"/>
  <testcase classname="test.loacationAndLoginTest" name="selectPatientTest" time="15.924"/>
  <testcase classname="test.loacationAndLoginTest" name="promotionsAndReviewTest" time="0.094"/>
  <testcase classname="test.loacationAndLoginTest" name="closeBrowserTest" time="0.089"/>
  <testcase classname="test.loacationAndLoginTest" name="locationTest" time="7.346"/>
  <testcase classname="test.loacationAndLoginTest" name="loginTest" time="15.453"/>
  <testcase classname="test.loacationAndLoginTest" name="deliveryDetailsTest" time="0.015"/>
  <testcase classname="test.loacationAndLoginTest" name="paymentDetailsTest" time="0.017"/>
  <testcase classname="test.loacationAndLoginTest" name="proceedToCheckoutTest" time="0.133"/>
  <testcase classname="test.loacationAndLoginTest" name="prescriptionDetailsTest" time="0.016"/>
  <testcase classname="test.loacationAndLoginTest" name="fetchOTPFromDBTest" time="43.846">
    <failure message="OTP input field not found" type="java.lang.AssertionError">
      <![CDATA[java.lang.AssertionError: OTP input field not found
at org.testng.Assert.fail(Assert.java:111)
at page.MartLocationandLoginPage.fetchOTPFromDB(MartLocationandLoginPage.java:138)
at test.loacationAndLoginTest.fetchOTPFromDBTest(loacationAndLoginTest.java:37)
at java.base/jdk.internal.reflect.NativeMethodAccessorImpl.invoke0(Native Method)
at java.base/jdk.internal.reflect.NativeMethodAccessorImpl.invoke(NativeMethodAccessorImpl.java:62)
at java.base/jdk.internal.reflect.DelegatingMethodAccessorImpl.invoke(DelegatingMethodAccessorImpl.java:43)
at java.base/java.lang.reflect.Method.invoke(Method.java:566)
at org.testng.internal.invokers.MethodInvocationHelper.invokeMethod(MethodInvocationHelper.java:141)
at org.testng.internal.invokers.TestInvoker.invokeMethod(TestInvoker.java:687)
at org.testng.internal.invokers.TestInvoker.invokeTestMethod(TestInvoker.java:230)
at org.testng.internal.invokers.MethodRunner.runInSequence(MethodRunner.java:63)
at org.testng.internal.invokers.TestInvoker$MethodInvocationAgent.invoke(TestInvoker.java:995)
at org.testng.internal.invokers.TestInvoker.invokeTestMethods(TestInvoker.java:203)
at org.testng.internal.invokers.TestMethodWorker.invokeTestMethods(TestMethodWorker.java:154)
at org.testng.internal.invokers.TestMethodWorker.run(TestMethodWorker.java:134)
at java.base/java.util.ArrayList.forEach(ArrayList.java:1541)
at org.testng.TestRunner.privateRun(TestRunner.java:741)
at org.testng.TestRunner.run(TestRunner.java:616)
at org.testng.SuiteRunner.runTest(SuiteRunner.java:421)
at org.testng.SuiteRunner.runSequentially(SuiteRunner.java:413)
at org.testng.SuiteRunner.privateRun(SuiteRunner.java:373)
at org.testng.SuiteRunner.run(SuiteRunner.java:312)
at org.testng.SuiteRunnerWorker.runSuite(SuiteRunnerWorker.java:52)
at org.testng.SuiteRunnerWorker.run(SuiteRunnerWorker.java:95)
at org.testng.TestNG.runSuitesSequentially(TestNG.java:1274)
at org.testng.TestNG.runSuitesLocally(TestNG.java:1208)
at org.testng.TestNG.runSuites(TestNG.java:1112)
at org.testng.TestNG.run(TestNG.java:1079)
at org.testng.remote.AbstractRemoteTestNG.run(AbstractRemoteTestNG.java:115)
at org.testng.remote.RemoteTestNG.initAndRun(RemoteTestNG.java:293)
at org.testng.remote.RemoteTestNG.main(RemoteTestNG.java:91)
]]>
    </failure>
  </testcase> <!-- fetchOTPFromDBTest -->
</testsuite> <!-- test.loacationAndLoginTest -->
