<?xml version="1.0" encoding="UTF-8"?>
<!-- Generated by org.testng.reporters.JUnitReportReporter -->
<testsuite hostname="karunakar-Latitude-7410" failures="0" tests="11" name="test.loacationAndLoginTest" time="64.555" errors="0" timestamp="2025-07-15T16:27:39 IST" skipped="0">
  <testcase classname="test.loacationAndLoginTest" name="paymentDetailsTest" time="4.156"/>
  <testcase classname="test.loacationAndLoginTest" name="fetchOTPFromDBTest" time="11.879"/>
  <testcase classname="test.loacationAndLoginTest" name="prescriptionDetailsTest" time="6.218"/>
  <testcase classname="test.loacationAndLoginTest" name="closeBrowserTest" time="0.084"/>
  <testcase classname="test.loacationAndLoginTest" name="promotionsAndReviewTest" time="0.097"/>
  <testcase classname="test.loacationAndLoginTest" name="miniCartTest" time="4.702"/>
  <testcase classname="test.loacationAndLoginTest" name="proceedToCheckoutTest" time="5.147"/>
  <testcase classname="test.loacationAndLoginTest" name="selectPatientTest" time="5.690"/>
  <testcase classname="test.loacationAndLoginTest" name="loginTest" time="16.013"/>
  <testcase classname="test.loacationAndLoginTest" name="deliveryDetailsTest" time="3.189"/>
  <testcase classname="test.loacationAndLoginTest" name="locationTest" time="7.380"/>
</testsuite> <!-- test.loacationAndLoginTest -->
